<?xml version="1.0" encoding="UTF-8"?>
<!-- Generated by org.testng.reporters.JUnitReportReporter -->
<testsuite hostname="TYSS-Dhanush" failures="0" tests="1" name="shopperstackAP.script2" time="2.079" errors="0" timestamp="2024-01-04T15:26:18 IST" skipped="0">
  <testcase classname="shopperstackAP.script2" name="storeid" time="2.079"/>
  <system-out/>
</testsuite> <!-- shopperstackAP.script2 -->
