<?xml version="1.0" encoding="UTF-8"?>
<!-- Generated by org.testng.reporters.JUnitReportReporter -->
<testsuite hostname="TYSS-Dhanush" failures="0" tests="1" name="shopperstackAP.fgh" time="0.017" errors="0" timestamp="2024-01-02T18:15:56 IST" skipped="0">
  <testcase classname="shopperstackAP.fgh" name="dfghn" time="0.017"/>
  <system-out/>
</testsuite> <!-- shopperstackAP.fgh -->
