<?xml version="1.0" encoding="UTF-8"?>
<!-- Generated by org.testng.reporters.JUnitReportReporter -->
<testsuite hostname="TYSS-Dhanush" failures="0" tests="1" name="shopperstackAP.script3" time="6.673" errors="0" timestamp="2024-01-03T17:46:25 IST" skipped="0">
  <testcase classname="shopperstackAP.script3" name="getdata" time="6.673"/>
  <system-out/>
</testsuite> <!-- shopperstackAP.script3 -->
