<?xml version="1.0" encoding="UTF-8"?>
<!-- Generated by org.testng.reporters.JUnitReportReporter -->
<testsuite hostname="TYSS-Dhanush" failures="0" tests="1" name="shopperstackAP.script1" time="19.756" errors="0" timestamp="2024-01-04T12:53:46 IST" skipped="0">
  <testcase classname="shopperstackAP.script1" name="create_shoper" time="19.756"/>
  <system-out/>
</testsuite> <!-- shopperstackAP.script1 -->
