<?xml version="1.0" encoding="UTF-8"?>
<!-- Generated by org.testng.reporters.JUnitReportReporter -->
<testsuite hostname="TYSS-Dhanush" failures="0" tests="1" name="shopperstackAP.toCreateShopperAccount" time="2.611" errors="0" timestamp="2024-01-04T15:32:49 IST" skipped="0">
  <testcase classname="shopperstackAP.toCreateShopperAccount" name="create_shoper" time="2.611"/>
  <system-out/>
</testsuite> <!-- shopperstackAP.toCreateShopperAccount -->
